<?xml version="1.0" encoding="UTF-8"?>
<!-- Generated by org.testng.reporters.JUnitXMLReporter -->
<testsuite hostname="MacBookPro-1874.local" ignored="8" name="Shop Tool Smoke Test Cases" tests="2" failures="0" timestamp="08 Feb 2020 00:45:38 GMT" time="0.709" errors="0">
  <testcase name="@BeforeTest startBrowser" time="0.68" classname="Testing.TestRunner">
    <failure type="org.openqa.selenium.SessionNotCreatedException" message="Unable to find a matching set of capabilities
Build info: version: &amp;apos;4.0.0-alpha-3&amp;apos;, revision: &amp;apos;8c567de6dc&amp;apos;
System info: host: &amp;apos;MacBookPro-1874.local&amp;apos;, ip: &amp;apos;2604:2000:1501:414a:0:2b59:e716:633c&amp;apos;, os.name: &amp;apos;Mac OS X&amp;apos;, os.arch: &amp;apos;x86_64&amp;apos;, os.version: &amp;apos;10.12.6&amp;apos;, java.version: &amp;apos;1.8.0_121&amp;apos;
Driver info: driver.version: FirefoxDriver
remote stacktrace: ">
      <![CDATA[org.openqa.selenium.SessionNotCreatedException: Unable to find a matching set of capabilities
Build info: version: '4.0.0-alpha-3', revision: '8c567de6dc'
System info: host: 'MacBookPro-1874.local', ip: '2604:2000:1501:414a:0:2b59:e716:633c', os.name: 'Mac OS X', os.arch: 'x86_64', os.version: '10.12.6', java.version: '1.8.0_121'
Driver info: driver.version: FirefoxDriver
remote stacktrace: 
at org.openqa.selenium.remote.W3CHandshakeResponse.lambda$errorHandler$0(W3CHandshakeResponse.java:62)
at org.openqa.selenium.remote.HandshakeResponse.lambda$getResponseFunction$0(HandshakeResponse.java:30)
at org.openqa.selenium.remote.ProtocolHandshake.lambda$createSession$1(ProtocolHandshake.java:127)
at java.util.stream.ReferencePipeline$3$1.accept(ReferencePipeline.java:193)
at java.util.Spliterators$ArraySpliterator.tryAdvance(Spliterators.java:958)
at java.util.stream.ReferencePipeline.forEachWithCancel(ReferencePipeline.java:126)
at java.util.stream.AbstractPipeline.copyIntoWithCancel(AbstractPipeline.java:498)
at java.util.stream.AbstractPipeline.copyInto(AbstractPipeline.java:485)
at java.util.stream.AbstractPipeline.wrapAndCopyInto(AbstractPipeline.java:471)
at java.util.stream.FindOps$FindOp.evaluateSequential(FindOps.java:152)
at java.util.stream.AbstractPipeline.evaluate(AbstractPipeline.java:234)
at java.util.stream.ReferencePipeline.findFirst(ReferencePipeline.java:464)
at org.openqa.selenium.remote.ProtocolHandshake.createSession(ProtocolHandshake.java:129)
at org.openqa.selenium.remote.ProtocolHandshake.createSession(ProtocolHandshake.java:75)
at org.openqa.selenium.remote.HttpCommandExecutor.execute(HttpCommandExecutor.java:139)
at org.openqa.selenium.remote.service.DriverCommandExecutor.execute(DriverCommandExecutor.java:83)
at org.openqa.selenium.remote.RemoteWebDriver.execute(RemoteWebDriver.java:576)
at org.openqa.selenium.remote.RemoteWebDriver.startSession(RemoteWebDriver.java:210)
at org.openqa.selenium.remote.RemoteWebDriver.<init>(RemoteWebDriver.java:130)
at org.openqa.selenium.firefox.FirefoxDriver.<init>(FirefoxDriver.java:154)
at org.openqa.selenium.firefox.FirefoxDriver.<init>(FirefoxDriver.java:132)
at Testing.TestBase.goToURLUsing(TestBase.java:21)
at Testing.TestRunner.startBrowser(TestRunner.java:20)
... Removed 28 stack frames]]>
    </failure>
  </testcase> <!-- @BeforeTest startBrowser -->
  <testcase name="logOutTest" time="0.0" classname="Testing.TestRunner">
    <skipped/>
  </testcase> <!-- logOutTest -->
  <testcase name="logInTest" time="0.0" classname="Testing.TestRunner">
    <skipped/>
  </testcase> <!-- logInTest -->
  <testcase name="quickViewItem" time="0.0" classname="Testing.TestRunner">
    <ignored/>
  </testcase> <!-- quickViewItem -->
  <testcase name="deleteProductFromCart" time="0.0" classname="Testing.TestRunner">
    <ignored/>
  </testcase> <!-- deleteProductFromCart -->
  <testcase name="increaseQuantityOfItem" time="0.0" classname="Testing.TestRunner">
    <ignored/>
  </testcase> <!-- increaseQuantityOfItem -->
  <testcase name="addProductToWishlist" time="0.0" classname="Testing.TestRunner">
    <ignored/>
  </testcase> <!-- addProductToWishlist -->
  <testcase name="undoDeletedProduct" time="0.0" classname="Testing.TestRunner">
    <ignored/>
  </testcase> <!-- undoDeletedProduct -->
  <testcase name="goToWishlistPage" time="0.0" classname="Testing.TestRunner">
    <ignored/>
  </testcase> <!-- goToWishlistPage -->
  <testcase name="goToPinkShirtPage" time="0.0" classname="Testing.TestRunner">
    <ignored/>
  </testcase> <!-- goToPinkShirtPage -->
  <testcase name="addProductToCart" time="0.0" classname="Testing.TestRunner">
    <ignored/>
  </testcase> <!-- addProductToCart -->
</testsuite> <!-- Shop Tool Smoke Test Cases -->
